<?xml version="1.0" encoding="UTF-8"?>
<testng-results ignored="2" total="4" passed="2" failed="0" skipped="0">
  <reporter-output>
  </reporter-output>
  <suite started-at="2022-07-26T05:15:02Z" name="Mobile Web App - Login Tests" finished-at="2022-07-26T05:16:08Z" duration-ms="66841">
    <groups>
    </groups>
    <test started-at="2022-07-26T05:15:02Z" name="Positive Login Test" finished-at="2022-07-26T05:15:34Z" duration-ms="32261">
      <class name="parking.tests.LoginTests">
        <test-method is-config="true" signature="setCapabilities()[pri:0, instance:parking.tests.LoginTests@73e9cf30]" started-at="2022-07-26T05:15:02Z" name="setCapabilities" finished-at="2022-07-26T05:15:17Z" duration-ms="14715" status="PASS">
          <reporter-output>
          </reporter-output>
        </test-method> <!-- setCapabilities -->
        <test-method signature="positiveLogin(java.lang.String, java.lang.String)[pri:1, instance:parking.tests.LoginTests@73e9cf30]" started-at="2022-07-26T05:15:17Z" name="positiveLogin" finished-at="2022-07-26T05:15:33Z" duration-ms="16597" status="PASS">
          <params>
            <param index="0">
              <value>
                <![CDATA[jcgularte@spplus.com]]>
              </value>
            </param>
            <param index="1">
              <value>
                <![CDATA[Helloworld10]]>
              </value>
            </param>
          </params>
          <reporter-output>
          </reporter-output>
        </test-method> <!-- positiveLogin -->
        <test-method is-config="true" signature="shutDown()[pri:0, instance:parking.tests.LoginTests@73e9cf30]" started-at="2022-07-26T05:15:33Z" name="shutDown" finished-at="2022-07-26T05:15:34Z" duration-ms="364" status="PASS">
          <reporter-output>
          </reporter-output>
        </test-method> <!-- shutDown -->
      </class> <!-- parking.tests.LoginTests -->
    </test> <!-- Positive Login Test -->
    <test started-at="2022-07-26T05:15:34Z" name="Negative Login Test - Invalid Credentials" finished-at="2022-07-26T05:16:08Z" duration-ms="34518">
      <class name="parking.tests.LoginTests">
        <test-method is-config="true" signature="setCapabilities()[pri:0, instance:parking.tests.LoginTests@45099dd3]" started-at="2022-07-26T05:15:34Z" name="setCapabilities" finished-at="2022-07-26T05:15:47Z" duration-ms="13572" status="PASS">
          <reporter-output>
          </reporter-output>
        </test-method> <!-- setCapabilities -->
        <test-method signature="negativeLoginWithInvalidCredentials(java.lang.String, java.lang.String, java.lang.String)[pri:2, instance:parking.tests.LoginTests@45099dd3]" started-at="2022-07-26T05:15:47Z" name="negativeLoginWithInvalidCredentials" finished-at="2022-07-26T05:16:08Z" duration-ms="20547" status="PASS">
          <params>
            <param index="0">
              <value>
                <![CDATA[jcgularte@spplus.com]]>
              </value>
            </param>
            <param index="1">
              <value>
                <![CDATA[IncorrectPwd]]>
              </value>
            </param>
            <param index="2">
              <value>
                <![CDATA[Your email address and/or password are incorrect. Please try again.]]>
              </value>
            </param>
          </params>
          <reporter-output>
          </reporter-output>
        </test-method> <!-- negativeLoginWithInvalidCredentials -->
        <test-method is-config="true" signature="shutDown()[pri:0, instance:parking.tests.LoginTests@45099dd3]" started-at="2022-07-26T05:16:08Z" name="shutDown" finished-at="2022-07-26T05:16:08Z" duration-ms="384" status="PASS">
          <reporter-output>
          </reporter-output>
        </test-method> <!-- shutDown -->
      </class> <!-- parking.tests.LoginTests -->
    </test> <!-- Negative Login Test - Invalid Credentials -->
  </suite> <!-- Mobile Web App - Login Tests -->
</testng-results>
