<?xml version="1.0" encoding="UTF-8"?>
<testng-results ignored="2" total="4" passed="2" failed="0" skipped="0">
  <reporter-output>
  </reporter-output>
  <suite started-at="2022-07-26T18:02:09Z" name="Mobile Web App - Login Tests" finished-at="2022-07-26T18:05:26Z" duration-ms="197593">
    <groups>
    </groups>
    <test started-at="2022-07-26T18:02:09Z" name="Positive Login Test" finished-at="2022-07-26T18:03:47Z" duration-ms="98149">
      <class name="parking.tests.LoginTests">
        <test-method is-config="true" signature="setCapabilities()[pri:0, instance:parking.tests.LoginTests@73e9cf30]" started-at="2022-07-26T18:02:09Z" name="setCapabilities" finished-at="2022-07-26T18:03:14Z" duration-ms="64602" status="PASS">
          <reporter-output>
          </reporter-output>
        </test-method> <!-- setCapabilities -->
        <test-method signature="positiveLogin(java.lang.String, java.lang.String)[pri:1, instance:parking.tests.LoginTests@73e9cf30]" started-at="2022-07-26T18:03:14Z" name="positiveLogin" finished-at="2022-07-26T18:03:46Z" duration-ms="32064" status="PASS">
          <params>
            <param index="0">
              <value>
                <![CDATA[jcgularte@spplus.com]]>
              </value>
            </param>
            <param index="1">
              <value>
                <![CDATA[Helloworld10]]>
              </value>
            </param>
          </params>
          <reporter-output>
          </reporter-output>
        </test-method> <!-- positiveLogin -->
        <test-method is-config="true" signature="shutDown()[pri:0, instance:parking.tests.LoginTests@73e9cf30]" started-at="2022-07-26T18:03:46Z" name="shutDown" finished-at="2022-07-26T18:03:47Z" duration-ms="816" status="PASS">
          <reporter-output>
          </reporter-output>
        </test-method> <!-- shutDown -->
      </class> <!-- parking.tests.LoginTests -->
    </test> <!-- Positive Login Test -->
    <test started-at="2022-07-26T18:03:47Z" name="Negative Login Test - Invalid Credentials" finished-at="2022-07-26T18:05:26Z" duration-ms="99377">
      <class name="parking.tests.LoginTests">
        <test-method is-config="true" signature="setCapabilities()[pri:0, instance:parking.tests.LoginTests@45099dd3]" started-at="2022-07-26T18:03:47Z" name="setCapabilities" finished-at="2022-07-26T18:04:55Z" duration-ms="68430" status="PASS">
          <reporter-output>
          </reporter-output>
        </test-method> <!-- setCapabilities -->
        <test-method signature="negativeLoginWithInvalidCredentials(java.lang.String, java.lang.String, java.lang.String)[pri:2, instance:parking.tests.LoginTests@45099dd3]" started-at="2022-07-26T18:04:55Z" name="negativeLoginWithInvalidCredentials" finished-at="2022-07-26T18:05:26Z" duration-ms="30246" status="PASS">
          <params>
            <param index="0">
              <value>
                <![CDATA[jcgularte@spplus.com]]>
              </value>
            </param>
            <param index="1">
              <value>
                <![CDATA[IncorrectPwd]]>
              </value>
            </param>
            <param index="2">
              <value>
                <![CDATA[Your email address and/or password are incorrect. Please try again.]]>
              </value>
            </param>
          </params>
          <reporter-output>
          </reporter-output>
        </test-method> <!-- negativeLoginWithInvalidCredentials -->
        <test-method is-config="true" signature="shutDown()[pri:0, instance:parking.tests.LoginTests@45099dd3]" started-at="2022-07-26T18:05:26Z" name="shutDown" finished-at="2022-07-26T18:05:26Z" duration-ms="690" status="PASS">
          <reporter-output>
          </reporter-output>
        </test-method> <!-- shutDown -->
      </class> <!-- parking.tests.LoginTests -->
    </test> <!-- Negative Login Test - Invalid Credentials -->
  </suite> <!-- Mobile Web App - Login Tests -->
</testng-results>
