<?xml version="1.0" encoding="UTF-8"?>
<!-- Generated by org.testng.reporters.JUnitXMLReporter -->
<testsuite ignored="1" hostname="QTs-MacBook-Pro.fibertel.com.ar" failures="0" tests="1" name="Negative Login Test - Invalid Credentials" time="99.377" errors="0" timestamp="26 Jul 2022 18:05:26 GMT">
  <testcase classname="parking.tests.LoginTests" name="negativeLoginWithInvalidCredentials" time="30.246"/>
  <testcase classname="parking.tests.LoginTests" name="positiveLogin" time="0.0">
    <ignored/>
  </testcase> <!-- positiveLogin -->
</testsuite> <!-- Negative Login Test - Invalid Credentials -->
