<?xml version="1.0" encoding="UTF-8"?>
<!-- Generated by org.testng.reporters.JUnitXMLReporter -->
<testsuite ignored="1" hostname="QTs-MacBook-Pro.fibertel.com.ar" failures="0" tests="1" name="Positive Login Test" time="98.149" errors="0" timestamp="26 Jul 2022 18:03:47 GMT">
  <testcase classname="parking.tests.LoginTests" name="positiveLogin" time="32.064"/>
  <testcase classname="parking.tests.LoginTests" name="negativeLoginWithInvalidCredentials" time="0.0">
    <ignored/>
  </testcase> <!-- negativeLoginWithInvalidCredentials -->
</testsuite> <!-- Positive Login Test -->
